{"level":"error","message":"No se pudo acceder a la ruta"}
{"level":"error","message":"No se pudo acceder a la ruta"}
{"level":"error","message":"No se pudo acceder a la ruta"}
{"level":"error","message":"No se pudo acceder a la ruta"}
{"level":"error","message":"No se pudo acceder a la ruta"}
{"level":"error","message":"No se pudo acceder a la ruta"}
{"level":"error","message":"No se pudo acceder a la ruta"}
{"level":"error","message":"No se pudo acceder a la ruta"}
{"level":"error","message":"No se pudo acceder a la ruta"}
{"level":"error","message":"No se pudo acceder a la ruta"}
{"level":"error","message":"Error al eliminar el usuario"}
{"level":"error","message":"No se logro obtener el producto"}
{"level":"error","message":"No se logro obtener el producto"}
{"level":"error","message":"No se logro obtener el producto"}
{"level":"error","message":"No se logro obtener el producto"}
{"level":"error","message":"Unexpected token } in JSON at position 55"}
{"level":"error","message":"No se encontro el producto"}
{"level":"error","message":"No se logro obtener el producto"}
{"level":"error","message":"No se logro obtener el producto"}
{"level":"error","message":"No se logro obtener el producto"}
{"level":"error","message":"Error al crear orden"}
{"level":"error","message":"Error al crear orden"}
{"level":"error","message":"Error al crear orden"}
{"level":"error","message":"Error al crear orden"}
{"level":"error","message":"Error al crear orden"}
{"level":"error","message":"Cannot read properties of undefined (reading 'rol')"}
